{
  "RSpec": {
    "coverage": {
      "/Users/adamhindmarsh/Desktop/projects/makersbnb/spec/features/adding_spaces_spec.rb": {
        "lines": [
          1,
          null,
          1,
          1,
          1,
          1,
          1,
          1,
          1,
          1,
          1,
          null,
          null,
          null
        ]
      },
      "/Users/adamhindmarsh/Desktop/projects/makersbnb/spec/features/viewing_spaces_spec.rb": {
        "lines": [
          1,
          1,
          1,
          1,
          1,
          1,
          null,
          null
        ]
      },
      "/Users/adamhindmarsh/Desktop/projects/makersbnb/spec/features/visit_home_page_spec.rb": {
        "lines": [
          1,
          1,
          1,
          1,
          null,
          null
        ]
      },
      "/Users/adamhindmarsh/Desktop/projects/makersbnb/spec/space_spec.rb": {
        "lines": [
          null,
          1,
          null,
          1,
          1,
          1,
          1,
          null,
          1,
          1,
          1,
          1,
          1,
          null,
          null,
          null,
          1,
          1,
          1,
          1,
          1,
          1,
          null,
          null,
          null,
          null
        ]
      }
    },
    "timestamp": 1643121019
  }
}
