{
  "RSpec": {
    "coverage": {
      "/Users/jonathanyoung/Projects/MakersBootcamp/makersbnb/spec/features/viewing_spaces_spec.rb": {
        "lines": [
          1,
          1,
          1,
          1,
          1,
          1,
          null,
          null
        ]
      },
      "/Users/jonathanyoung/Projects/MakersBootcamp/makersbnb/spec/features/visit_home_page_spec.rb": {
        "lines": [
          1,
          1,
          1,
          1,
          null,
          null
        ]
      },
      "/Users/jonathanyoung/Projects/MakersBootcamp/makersbnb/spec/space_spec.rb": {
        "lines": [
          1,
          null,
          1,
          1,
          1,
          1,
          null,
          1,
          1,
          1,
          1,
          1,
          null,
          null,
          null
        ]
      },
      "/Users/jonathanyoung/Projects/MakersBootcamp/makersbnb/lib/space.rb": {
        "lines": [
          1,
          null,
          1,
          null,
          1,
          null,
          1,
          6,
          6,
          6,
          6,
          null,
          null,
          1,
          2,
          2,
          6,
          null,
          null,
          null,
          null,
          null,
          null,
          null,
          null,
          1,
          2,
          2,
          2,
          null,
          0,
          null,
          null,
          null,
          null
        ]
      }
    },
    "timestamp": 1643111918
  }
}
